[loggers]
keys=root

[handlers]
keys=consoleHandler,fileHandler,persistentFileHandler

[formatters]
keys=basicFormatter,detailedFormatter

[logger_root]
level=INFO
handlers=consoleHandler,fileHandler,persistentFileHandler

[formatter_basicFormatter]
format=%(levelname)s:%(name)s %(message)s
datefmt=
class=logging.Formatter

[formatter_detailedFormatter]
format=%(asctime)s  %(levelname)s:%(name)s  %(pathname)s:%(lineno)s  %(message)s
datefmt=
class=logging.Formatter

[handler_consoleHandler]
class=StreamHandler
level=DEBUG
args=(sys.stdout,)
formatter=basicFormatter

[handler_persistentFileHandler]
class=FileHandler
level=WARNING
args=("happyface.log", "a")
formatter=detailedFormatter

[handler_fileHandler]
class=FileHandler
level=DEBUG
args=("happyface_lastrun.log", "w")
formatter=basicFormatter