[loggers]
keys=root,cherrypy.error

[handlers]
keys=consoleHandler,fileHandler

[formatters]
keys=basicFormatter,detailedFormatter

[logger_root]
level=INFO
handlers=consoleHandler,fileHandler

[logger_cherrypy.error]
level=WARNING
handlers=consoleHandler,fileHandler
qualname=cherrypy.error
propagate=1

[formatter_basicFormatter]
format=%(levelname)s:%(name)s %(message)s
datefmt=
class=logging.Formatter

[formatter_detailedFormatter]
format=%(asctime)s  %(levelname)s:%(name)s  %(pathname)s:%(lineno)s  %(message)s
datefmt=
class=logging.Formatter

[handler_consoleHandler]
class=StreamHandler
level=DEBUG
args=(sys.stdout,)
formatter=detailedFormatter

[handler_fileHandler]
class=FileHandler
level=INFO
args=("render.log", "a")
formatter=detailedFormatter